<?xml version="1.0" encoding="UTF-8"?>
<!-- Generated by org.testng.reporters.JUnitXMLReporter -->
<testsuite hostname="LAPTOP-NCMTQCEJ" ignored="29" name="ChromeTest" tests="3" failures="1" timestamp="2022-05-06T06:59:49 IST" time="26.676" errors="0">
  <testcase name="verifyPaymentLimitsOfUPI" time="0.169" classname="testCases.PaymentMethodTestCases">
    <failure type="org.apache.poi.openxml4j.exceptions.NotOfficeXmlFileException" message="No valid entries or contents found, this is not a valid OOXML (Office Open XML) file">
      <![CDATA[org.apache.poi.openxml4j.exceptions.NotOfficeXmlFileException: No valid entries or contents found, this is not a valid OOXML (Office Open XML) file
at org.apache.poi.openxml4j.util.ZipArchiveThresholdInputStream.getNextEntry(ZipArchiveThresholdInputStream.java:145)
at org.apache.poi.openxml4j.util.ZipInputStreamZipEntrySource.<init>(ZipInputStreamZipEntrySource.java:49)
at org.apache.poi.openxml4j.opc.ZipPackage.<init>(ZipPackage.java:106)
at org.apache.poi.openxml4j.opc.OPCPackage.open(OPCPackage.java:307)
at org.apache.poi.ooxml.util.PackageHelper.open(PackageHelper.java:47)
at org.apache.poi.xssf.usermodel.XSSFWorkbook.<init>(XSSFWorkbook.java:309)
at Utilities.ExcelRead.stringDataRead(ExcelRead.java:19)
at elementRepository.LoginPageRepo.xlStringReadCredentials(LoginPageRepo.java:60)
at testCases.PaymentMethodTestCases.verifyPaymentLimitsOfUPI(PaymentMethodTestCases.java:22)
at java.util.concurrent.ThreadPoolExecutor.runWorker(ThreadPoolExecutor.java:1149)
at java.util.concurrent.ThreadPoolExecutor$Worker.run(ThreadPoolExecutor.java:624)
at java.lang.Thread.run(Thread.java:748)
Caused by: java.util.zip.ZipException: Unexpected record signature: 0X0
at org.apache.commons.compress.archivers.zip.ZipArchiveInputStream.getNextZipEntry(ZipArchiveInputStream.java:260)
at org.apache.poi.openxml4j.util.ZipArchiveThresholdInputStream.getNextEntry(ZipArchiveThresholdInputStream.java:141)
... 23 more
... Removed 12 stack frames]]>
    </failure>
  </testcase> <!-- verifyPaymentLimitsOfUPI -->
  <testcase name="verifyAddNewSlider" time="8.109" classname="testCases.ListsSliderTestCases"/>
  <testcase name="verifyAllColNames" time="4.969" classname="testCases.ListsSliderTestCases"/>
  <testcase name="verifyDisplayNameLoginBtn" time="0.0" classname="testCases.LoginPageTestCases">
    <ignored/>
  </testcase> <!-- verifyDisplayNameLoginBtn -->
  <testcase name="verifyAllLinksInHomePage" time="0.0" classname="testCases.HomePageTestCases">
    <ignored/>
  </testcase> <!-- verifyAllLinksInHomePage -->
  <testcase name="verifyConfirmPasswordChangeForUser" time="0.0" classname="testCases.HomePageTestCases">
    <ignored/>
  </testcase> <!-- verifyConfirmPasswordChangeForUser -->
  <testcase name="verifyManagePagesMoreInfoLink" time="0.0" classname="testCases.HomePageTestCases">
    <ignored/>
  </testcase> <!-- verifyManagePagesMoreInfoLink -->
  <testcase name="verifyDeleteIconColor" time="0.0" classname="testCases.CategoryTestCases">
    <ignored/>
  </testcase> <!-- verifyDeleteIconColor -->
  <testcase name="verifyCalenderDateSelection" time="0.0" classname="testCases.ManageExpensesTestCases">
    <ignored/>
  </testcase> <!-- verifyCalenderDateSelection -->
  <testcase name="verifyUserLogout" time="0.0" classname="testCases.HomePageTestCases">
    <ignored/>
  </testcase> <!-- verifyUserLogout -->
  <testcase name="verifyBrokenLinksInHomePage" time="0.0" classname="testCases.HomePageTestCases">
    <ignored/>
  </testcase> <!-- verifyBrokenLinksInHomePage -->
  <testcase name="verifyInvalidUser" time="0.0" classname="testCases.LoginPageTestCases">
    <ignored/>
  </testcase> <!-- verifyInvalidUser -->
  <testcase name="verifyDeleteFromTable" time="0.0" classname="testCases.ListsProductTestCases">
    <ignored/>
  </testcase> <!-- verifyDeleteFromTable -->
  <testcase name="verifyTagNameForChooseFile" time="0.0" classname="testCases.ListsSliderTestCases">
    <ignored/>
  </testcase> <!-- verifyTagNameForChooseFile -->
  <testcase name="verifyEditIconBkClr" time="0.0" classname="testCases.CategoryTestCases">
    <ignored/>
  </testcase> <!-- verifyEditIconBkClr -->
  <testcase name="verifyEditAndUpdateFromTable" time="0.0" classname="testCases.ListsProductTestCases">
    <ignored/>
  </testcase> <!-- verifyEditAndUpdateFromTable -->
  <testcase name="verifySessionLogout" time="0.0" classname="testCases.HomePageTestCases">
    <ignored/>
  </testcase> <!-- verifySessionLogout -->
  <testcase name="verifySelectingCategoryDropDown" time="0.0" classname="testCases.ListsProductTestCases">
    <ignored/>
  </testcase> <!-- verifySelectingCategoryDropDown -->
  <testcase name="verifySelectedItemMovesOnClick" time="0.0" classname="testCases.CategoryTestCases">
    <ignored/>
  </testcase> <!-- verifySelectedItemMovesOnClick -->
  <testcase name="verifySearchProductWithUniqueId" time="0.0" classname="testCases.ListsProductTestCases">
    <ignored/>
  </testcase> <!-- verifySearchProductWithUniqueId -->
  <testcase name="verifyTotalNumberOfDashboardItems" time="0.0" classname="testCases.HomePageTestCases">
    <ignored/>
  </testcase> <!-- verifyTotalNumberOfDashboardItems -->
  <testcase name="verifyStatusChangeOnClick" time="0.0" classname="testCases.ListsProductTestCases">
    <ignored/>
  </testcase> <!-- verifyStatusChangeOnClick -->
  <testcase name="isNonVegRadiobtnClicked" time="0.0" classname="testCases.ListsProductTestCases">
    <ignored/>
  </testcase> <!-- isNonVegRadiobtnClicked -->
  <testcase name="verifyTotalNoOfLinksInFooter" time="0.0" classname="testCases.HomePageTestCases">
    <ignored/>
  </testcase> <!-- verifyTotalNoOfLinksInFooter -->
  <testcase name="verifyStatusUpdate" time="0.0" classname="testCases.ManageOrdersTestCases">
    <ignored/>
  </testcase> <!-- verifyStatusUpdate -->
  <testcase name="isRememberMeOptionSelected" time="0.0" classname="testCases.LoginPageTestCases">
    <ignored/>
  </testcase> <!-- isRememberMeOptionSelected -->
  <testcase name="verifyLoginButtonText" time="0.0" classname="testCases.LoginPageTestCases">
    <ignored/>
  </testcase> <!-- verifyLoginButtonText -->
  <testcase name="verifyLoginUserNameTC" time="0.0" classname="testCases.HomePageTestCases">
    <ignored/>
  </testcase> <!-- verifyLoginUserNameTC -->
  <testcase name="verifyPrintingProcess" time="0.0" classname="testCases.ManageOrdersTestCases">
    <ignored/>
  </testcase> <!-- verifyPrintingProcess -->
  <testcase name="verifyAdditionOnViewTable" time="0.0" classname="testCases.ManageOrdersTestCases">
    <ignored/>
  </testcase> <!-- verifyAdditionOnViewTable -->
  <testcase name="verifyDuplicationOfExpenseCategory" time="0.0" classname="testCases.ManageExpensesTestCases">
    <ignored/>
  </testcase> <!-- verifyDuplicationOfExpenseCategory -->
  <testcase name="verifyAddNewExpense" time="0.0" classname="testCases.ManageExpensesTestCases">
    <ignored/>
  </testcase> <!-- verifyAddNewExpense -->
</testsuite> <!-- ChromeTest -->
