<?xml version="1.0" encoding="UTF-8"?>
<!-- Generated by org.testng.reporters.JUnitXMLReporter -->
<testsuite hostname="LAPTOP-NCMTQCEJ" ignored="29" name="Chrome Test" tests="3" failures="0" timestamp="2022-05-06T07:04:11 IST" time="33.784" errors="0">
  <testcase name="verifyAddNewSlider" time="8.275" classname="testCases.ListsSliderTestCases"/>
  <testcase name="verifyAllColNames" time="4.528" classname="testCases.ListsSliderTestCases"/>
  <testcase name="verifyPaymentLimitsOfUPI" time="3.374" classname="testCases.PaymentMethodTestCases"/>
  <testcase name="verifySelectedItemMovesOnClick" time="0.0" classname="testCases.CategoryTestCases">
    <ignored/>
  </testcase> <!-- verifySelectedItemMovesOnClick -->
  <testcase name="verifySearchProductWithUniqueId" time="0.0" classname="testCases.ListsProductTestCases">
    <ignored/>
  </testcase> <!-- verifySearchProductWithUniqueId -->
  <testcase name="isNonVegRadiobtnClicked" time="0.0" classname="testCases.ListsProductTestCases">
    <ignored/>
  </testcase> <!-- isNonVegRadiobtnClicked -->
  <testcase name="verifyTotalNumberOfDashboardItems" time="0.0" classname="testCases.HomePageTestCases">
    <ignored/>
  </testcase> <!-- verifyTotalNumberOfDashboardItems -->
  <testcase name="verifyStatusChangeOnClick" time="0.0" classname="testCases.ListsProductTestCases">
    <ignored/>
  </testcase> <!-- verifyStatusChangeOnClick -->
  <testcase name="verifyTagNameForChooseFile" time="0.0" classname="testCases.ListsSliderTestCases">
    <ignored/>
  </testcase> <!-- verifyTagNameForChooseFile -->
  <testcase name="verifyTotalNoOfLinksInFooter" time="0.0" classname="testCases.HomePageTestCases">
    <ignored/>
  </testcase> <!-- verifyTotalNoOfLinksInFooter -->
  <testcase name="verifyUserLogout" time="0.0" classname="testCases.HomePageTestCases">
    <ignored/>
  </testcase> <!-- verifyUserLogout -->
  <testcase name="verifyAddNewExpense" time="0.0" classname="testCases.ManageExpensesTestCases">
    <ignored/>
  </testcase> <!-- verifyAddNewExpense -->
  <testcase name="isRememberMeOptionSelected" time="0.0" classname="testCases.LoginPageTestCases">
    <ignored/>
  </testcase> <!-- isRememberMeOptionSelected -->
  <testcase name="verifyCalenderDateSelection" time="0.0" classname="testCases.ManageExpensesTestCases">
    <ignored/>
  </testcase> <!-- verifyCalenderDateSelection -->
  <testcase name="verifyStatusUpdate" time="0.0" classname="testCases.ManageOrdersTestCases">
    <ignored/>
  </testcase> <!-- verifyStatusUpdate -->
  <testcase name="verifyLoginUserNameTC" time="0.0" classname="testCases.HomePageTestCases">
    <ignored/>
  </testcase> <!-- verifyLoginUserNameTC -->
  <testcase name="verifyDuplicationOfExpenseCategory" time="0.0" classname="testCases.ManageExpensesTestCases">
    <ignored/>
  </testcase> <!-- verifyDuplicationOfExpenseCategory -->
  <testcase name="verifyConfirmPasswordChangeForUser" time="0.0" classname="testCases.HomePageTestCases">
    <ignored/>
  </testcase> <!-- verifyConfirmPasswordChangeForUser -->
  <testcase name="verifySelectingCategoryDropDown" time="0.0" classname="testCases.ListsProductTestCases">
    <ignored/>
  </testcase> <!-- verifySelectingCategoryDropDown -->
  <testcase name="verifyManagePagesMoreInfoLink" time="0.0" classname="testCases.HomePageTestCases">
    <ignored/>
  </testcase> <!-- verifyManagePagesMoreInfoLink -->
  <testcase name="verifyLoginButtonText" time="0.0" classname="testCases.LoginPageTestCases">
    <ignored/>
  </testcase> <!-- verifyLoginButtonText -->
  <testcase name="verifyAllLinksInHomePage" time="0.0" classname="testCases.HomePageTestCases">
    <ignored/>
  </testcase> <!-- verifyAllLinksInHomePage -->
  <testcase name="verifyBrokenLinksInHomePage" time="0.0" classname="testCases.HomePageTestCases">
    <ignored/>
  </testcase> <!-- verifyBrokenLinksInHomePage -->
  <testcase name="verifyEditIconBkClr" time="0.0" classname="testCases.CategoryTestCases">
    <ignored/>
  </testcase> <!-- verifyEditIconBkClr -->
  <testcase name="verifySessionLogout" time="0.0" classname="testCases.HomePageTestCases">
    <ignored/>
  </testcase> <!-- verifySessionLogout -->
  <testcase name="verifyDisplayNameLoginBtn" time="0.0" classname="testCases.LoginPageTestCases">
    <ignored/>
  </testcase> <!-- verifyDisplayNameLoginBtn -->
  <testcase name="verifyAdditionOnViewTable" time="0.0" classname="testCases.ManageOrdersTestCases">
    <ignored/>
  </testcase> <!-- verifyAdditionOnViewTable -->
  <testcase name="verifyDeleteIconColor" time="0.0" classname="testCases.CategoryTestCases">
    <ignored/>
  </testcase> <!-- verifyDeleteIconColor -->
  <testcase name="verifyDeleteFromTable" time="0.0" classname="testCases.ListsProductTestCases">
    <ignored/>
  </testcase> <!-- verifyDeleteFromTable -->
  <testcase name="verifyInvalidUser" time="0.0" classname="testCases.LoginPageTestCases">
    <ignored/>
  </testcase> <!-- verifyInvalidUser -->
  <testcase name="verifyPrintingProcess" time="0.0" classname="testCases.ManageOrdersTestCases">
    <ignored/>
  </testcase> <!-- verifyPrintingProcess -->
  <testcase name="verifyEditAndUpdateFromTable" time="0.0" classname="testCases.ListsProductTestCases">
    <ignored/>
  </testcase> <!-- verifyEditAndUpdateFromTable -->
</testsuite> <!-- Chrome Test -->
